{"numTotalTestSuites":14,"numPassedTestSuites":14,"numFailedTestSuites":0,"numPendingTestSuites":0,"numTotalTests":34,"numPassedTests":34,"numFailedTests":0,"numPendingTests":0,"numTodoTests":0,"startTime":1765663928113,"success":true,"testResults":[{"assertionResults":[{"ancestorTitles":["","validateData"],"fullName":" validateData should validate correct data","status":"passed","title":"should validate correct data","duration":3,"failureMessages":[]},{"ancestorTitles":["","validateData"],"fullName":" validateData should throw error for non-array input","status":"passed","title":"should throw error for non-array input","duration":0,"failureMessages":[]},{"ancestorTitles":["","validateData"],"fullName":" validateData should filter out invalid items","status":"passed","title":"should filter out invalid items","duration":1,"failureMessages":[]},{"ancestorTitles":["","validateData"],"fullName":" validateData should trim gene names","status":"passed","title":"should trim gene names","duration":1,"failureMessages":[]},{"ancestorTitles":["","validateData"],"fullName":" validateData should include optional category","status":"passed","title":"should include optional category","duration":0,"failureMessages":[]},{"ancestorTitles":["","processGeneData"],"fullName":" processGeneData should process and sort data by expression","status":"passed","title":"should process and sort data by expression","duration":1,"failureMessages":[]},{"ancestorTitles":["","processGeneData"],"fullName":" processGeneData should calculate normalized values","status":"passed","title":"should calculate normalized values","duration":0,"failureMessages":[]},{"ancestorTitles":["","processGeneData"],"fullName":" processGeneData should handle empty array","status":"passed","title":"should handle empty array","duration":0,"failureMessages":[]},{"ancestorTitles":["","processGeneData"],"fullName":" processGeneData should handle all zero expressions","status":"passed","title":"should handle all zero expressions","duration":1,"failureMessages":[]},{"ancestorTitles":["","filterByExpression"],"fullName":" filterByExpression should filter by minimum expression","status":"passed","title":"should filter by minimum expression","duration":0,"failureMessages":[]},{"ancestorTitles":["","filterByExpression"],"fullName":" filterByExpression should filter by min and max expression","status":"passed","title":"should filter by min and max expression","duration":1,"failureMessages":[]},{"ancestorTitles":["","filterByExpression"],"fullName":" filterByExpression should return empty array if no matches","status":"passed","title":"should return empty array if no matches","duration":0,"failureMessages":[]},{"ancestorTitles":["","groupByCategory"],"fullName":" groupByCategory should group data by category","status":"passed","title":"should group data by category","duration":0,"failureMessages":[]},{"ancestorTitles":["","groupByCategory"],"fullName":" groupByCategory should use \"uncategorized\" for items without category","status":"passed","title":"should use \"uncategorized\" for items without category","duration":0,"failureMessages":[]},{"ancestorTitles":["","calculateStats"],"fullName":" calculateStats should calculate correct statistics","status":"passed","title":"should calculate correct statistics","duration":1,"failureMessages":[]},{"ancestorTitles":["","calculateStats"],"fullName":" calculateStats should handle even number of items for median","status":"passed","title":"should handle even number of items for median","duration":0,"failureMessages":[]},{"ancestorTitles":["","calculateStats"],"fullName":" calculateStats should handle empty array","status":"passed","title":"should handle empty array","duration":0,"failureMessages":[]},{"ancestorTitles":["","calculateStats"],"fullName":" calculateStats should handle single item","status":"passed","title":"should handle single item","duration":0,"failureMessages":[]}],"startTime":1765663928633,"endTime":1765663928642,"status":"passed","message":"","name":"/Users/sanjeevadodlapati/Downloads/Repos/genomic-viz-platform/tutorials/phase-4-production/02-cicd/src/utils/dataTransform.test.ts"},{"assertionResults":[{"ancestorTitles":["","createLinearScale"],"fullName":" createLinearScale should create a linear scale with domain and range","status":"passed","title":"should create a linear scale with domain and range","duration":2,"failureMessages":[]},{"ancestorTitles":["","createLinearScale"],"fullName":" createLinearScale should apply nice option","status":"passed","title":"should apply nice option","duration":1,"failureMessages":[]},{"ancestorTitles":["","createLinearScale"],"fullName":" createLinearScale should apply clamp option","status":"passed","title":"should apply clamp option","duration":0,"failureMessages":[]},{"ancestorTitles":["","createBandScale"],"fullName":" createBandScale should create a band scale for categories","status":"passed","title":"should create a band scale for categories","duration":1,"failureMessages":[]},{"ancestorTitles":["","createBandScale"],"fullName":" createBandScale should apply padding","status":"passed","title":"should apply padding","duration":0,"failureMessages":[]},{"ancestorTitles":["","createBandScale"],"fullName":" createBandScale should apply inner and outer padding separately","status":"passed","title":"should apply inner and outer padding separately","duration":0,"failureMessages":[]},{"ancestorTitles":["","createColorScale"],"fullName":" createColorScale should create an ordinal color scale","status":"passed","title":"should create an ordinal color scale","duration":0,"failureMessages":[]},{"ancestorTitles":["","createColorScale"],"fullName":" createColorScale should use custom color scheme","status":"passed","title":"should use custom color scheme","duration":1,"failureMessages":[]},{"ancestorTitles":["","createSequentialColorScale"],"fullName":" createSequentialColorScale should create a sequential color scale","status":"passed","title":"should create a sequential color scale","duration":0,"failureMessages":[]},{"ancestorTitles":["","createSequentialColorScale"],"fullName":" createSequentialColorScale should use custom interpolator","status":"passed","title":"should use custom interpolator","duration":1,"failureMessages":[]},{"ancestorTitles":["","createDivergingColorScale"],"fullName":" createDivergingColorScale should create a diverging color scale with midpoint","status":"passed","title":"should create a diverging color scale with midpoint","duration":0,"failureMessages":[]},{"ancestorTitles":["","createLogScale"],"fullName":" createLogScale should create a logarithmic scale","status":"passed","title":"should create a logarithmic scale","duration":1,"failureMessages":[]},{"ancestorTitles":["","createLogScale"],"fullName":" createLogScale should apply custom base","status":"passed","title":"should apply custom base","duration":0,"failureMessages":[]},{"ancestorTitles":["","createLogScale"],"fullName":" createLogScale should apply nice option","status":"passed","title":"should apply nice option","duration":0,"failureMessages":[]},{"ancestorTitles":["","createPointScale"],"fullName":" createPointScale should create a point scale","status":"passed","title":"should create a point scale","duration":1,"failureMessages":[]},{"ancestorTitles":["","createPointScale"],"fullName":" createPointScale should apply padding","status":"passed","title":"should apply padding","duration":0,"failureMessages":[]}],"startTime":1765663928849,"endTime":1765663928859,"status":"passed","message":"","name":"/Users/sanjeevadodlapati/Downloads/Repos/genomic-viz-platform/tutorials/phase-4-production/02-cicd/src/utils/scales.test.ts"}]}